==> Cross-compiling Firestarter for AARCH64...
src/firestarter.c: In function ‘read_sysfs_temp’:
src/firestarter.c:84:11: warning: ignoring return value of ‘read’ declared with attribute ‘warn_unused_result’ [-Wunused-result]
   84 |     (void)read(fd, buf, sizeof(buf));
      |           ^~~~~~~~~~~~~~~~~~~~~~~~~~
src/firestarter.c: In function ‘read_sysfs_freq’:
src/firestarter.c:93:11: warning: ignoring return value of ‘read’ declared with attribute ‘warn_unused_result’ [-Wunused-result]
   93 |     (void)read(fd, buf, sizeof(buf));
      |           ^~~~~~~~~~~~~~~~~~~~~~~~~~
src/firestarter.c: In function ‘telemetry_thread’:
src/firestarter.c:134:19: warning: ignoring return value of ‘read’ declared with attribute ‘warn_unused_result’ [-Wunused-result]
  134 |             (void)read(fd_inst[i],   &val, sizeof(uint64_t)); total_inst   += val;
      |                   ^~~~~~~~~~~~~~~~~~~~~~~~~~~~~~~~~~~~~~~~~~
src/firestarter.c:135:19: warning: ignoring return value of ‘read’ declared with attribute ‘warn_unused_result’ [-Wunused-result]
  135 |             (void)read(fd_ase[i],    &val, sizeof(uint64_t)); total_ase    += val;
      |                   ^~~~~~~~~~~~~~~~~~~~~~~~~~~~~~~~~~~~~~~~~~
src/firestarter.c:136:19: warning: ignoring return value of ‘read’ declared with attribute ‘warn_unused_result’ [-Wunused-result]
  136 |             (void)read(fd_vfp[i],    &val, sizeof(uint64_t)); total_vfp    += val;
      |                   ^~~~~~~~~~~~~~~~~~~~~~~~~~~~~~~~~~~~~~~~~~
src/firestarter.c:137:19: warning: ignoring return value of ‘read’ declared with attribute ‘warn_unused_result’ [-Wunused-result]
  137 |             (void)read(fd_stall[i],  &val, sizeof(uint64_t)); total_stall  += val;
      |                   ^~~~~~~~~~~~~~~~~~~~~~~~~~~~~~~~~~~~~~~~~~
src/firestarter.c:138:19: warning: ignoring return value of ‘read’ declared with attribute ‘warn_unused_result’ [-Wunused-result]
  138 |             (void)read(fd_cycles[i], &val, sizeof(uint64_t)); total_cycles += val;
      |                   ^~~~~~~~~~~~~~~~~~~~~~~~~~~~~~~~~~~~~~~~~~
==> Transferring binary to Raspberry Pi 4...
==> Executing Firestarter suite on bare-metal...
Linux pi4b-thermal-management 6.12.47+rpt-rpi-v8 #1 SMP PREEMPT Debian 1:6.12.47-1+rpt1 (2025-09-16) aarch64

The programs included with the Debian GNU/Linux system are free software;
the exact distribution terms for each program are described in the
individual files in /usr/share/doc/*/copyright.

Debian GNU/Linux comes with ABSOLUTELY NO WARRANTY, to the extent
permitted by applicable law.
--- Section 1: Standard single-core runs ---
  Running K1 — FMLA NEON (MISD=0.667, 60s)...
Executing Firestarter Kernel K1 for 60 seconds...
Done. Data saved to logs/firestarter_k1.csv
  Running K2 — FADD NEON (MISD=0.667, 60s)...
Executing Firestarter Kernel K2 for 60 seconds...
Done. Data saved to logs/firestarter_k2.csv
  Running K3 — DUP/MOV NEON (MISD=0.333, 60s)...
Executing Firestarter Kernel K3 for 60 seconds...
Done. Data saved to logs/firestarter_k3.csv
  Running K4 — scalar ADD (MISD=0.000, 60s)...
Executing Firestarter Kernel K4 for 60 seconds...
Done. Data saved to logs/firestarter_k4.csv
--- Section 2: Standard all-core run ---
  Running K5 — all-core FMLA (MISD=0.667, 120s)...
Executing Firestarter Kernel K5 for 120 seconds...
Done. Data saved to logs/firestarter_k5.csv
--- Section 3: Frequency sweep (K1, K3, K4, K5 × 4 frequencies) ---
  K1 at 600MHz (MISD=0.667, single-core, 60s)...
Executing Firestarter Kernel K1 for 60 seconds...
Done. Data saved to logs/firestarter_k1_600MHz.csv
  K3 at 600MHz (MISD=0.333, single-core, 60s)...
Executing Firestarter Kernel K3 for 60 seconds...
Done. Data saved to logs/firestarter_k3_600MHz.csv
  K4 at 600MHz (MISD=0.000, single-core, 60s)...
Executing Firestarter Kernel K4 for 60 seconds...
Done. Data saved to logs/firestarter_k4_600MHz.csv
  K5 at 600MHz (MISD=0.667, all-core, 60s)...
Executing Firestarter Kernel K5 for 60 seconds...
Done. Data saved to logs/firestarter_k5_600MHz.csv
  K1 at 1000MHz (MISD=0.667, single-core, 60s)...
Executing Firestarter Kernel K1 for 60 seconds...
Done. Data saved to logs/firestarter_k1_1000MHz.csv
  K3 at 1000MHz (MISD=0.333, single-core, 60s)...
Executing Firestarter Kernel K3 for 60 seconds...
Done. Data saved to logs/firestarter_k3_1000MHz.csv
  K4 at 1000MHz (MISD=0.000, single-core, 60s)...
Executing Firestarter Kernel K4 for 60 seconds...
Done. Data saved to logs/firestarter_k4_1000MHz.csv
  K5 at 1000MHz (MISD=0.667, all-core, 60s)...
Executing Firestarter Kernel K5 for 60 seconds...
Done. Data saved to logs/firestarter_k5_1000MHz.csv
  K1 at 1500MHz (MISD=0.667, single-core, 60s)...
Executing Firestarter Kernel K1 for 60 seconds...
Done. Data saved to logs/firestarter_k1_1500MHz.csv
  K3 at 1500MHz (MISD=0.333, single-core, 60s)...
Executing Firestarter Kernel K3 for 60 seconds...
Done. Data saved to logs/firestarter_k3_1500MHz.csv
  K4 at 1500MHz (MISD=0.000, single-core, 60s)...
Executing Firestarter Kernel K4 for 60 seconds...
Done. Data saved to logs/firestarter_k4_1500MHz.csv
  K5 at 1500MHz (MISD=0.667, all-core, 60s)...
Executing Firestarter Kernel K5 for 60 seconds...
Done. Data saved to logs/firestarter_k5_1500MHz.csv
  K1 at 1800MHz (MISD=0.667, single-core, 60s)...
Executing Firestarter Kernel K1 for 60 seconds...
Done. Data saved to logs/firestarter_k1_1800MHz.csv
  K3 at 1800MHz (MISD=0.333, single-core, 60s)...
Executing Firestarter Kernel K3 for 60 seconds...
Done. Data saved to logs/firestarter_k3_1800MHz.csv
  K4 at 1800MHz (MISD=0.000, single-core, 60s)...
Executing Firestarter Kernel K4 for 60 seconds...
Done. Data saved to logs/firestarter_k4_1800MHz.csv
  K5 at 1800MHz (MISD=0.667, all-core, 60s)...
Executing Firestarter Kernel K5 for 60 seconds...
Done. Data saved to logs/firestarter_k5_1800MHz.csv
  Frequency sweep complete.
--- Section 4: K5 thermal throttle capture ---
  Phase 1: Pre-warm (K5, 60s)...
  Start temp: 59.4°C
Executing Firestarter Kernel K5 for 60 seconds...
Done. Data saved to logs/firestarter_k5_prewarm.csv
  Post-warm temp: 83.3°C
  Phase 2: Sustained throttle run (K5, 300s)...
Executing Firestarter Kernel K5 for 300 seconds...
Done. Data saved to logs/firestarter_k5_throttle.csv
  Peak temp: 86.7°C
All sections complete.
==> Retrieving all CSV logs back to WSL2 workspace...
==> Day 1 Complete. Logs available in ./logs/
